ERROR - 2025-04-16 07:48:06 --> Error connecting to the database: Access denied for user '****'@'localhost' (using password: NO)
CRITICAL - 2025-04-16 07:48:06 --> Unable to connect to the database.
Main connection [MySQLi]: Access denied for user '****'@'localhost' (using password: NO)
#0 /Library/WebServer/Documents/morelab/vendor/codeigniter4/framework/system/Database/BaseConnection.php(577): CodeIgniter\Database\BaseConnection->initialize()
#1 /Library/WebServer/Documents/morelab/vendor/codeigniter4/framework/system/Database/BaseBuilder.php(1455): CodeIgniter\Database\BaseConnection->query('SELECT *\nFROM `...', Array, false)
#2 /Library/WebServer/Documents/morelab/app/Helpers/custom_helper.php(25): CodeIgniter\Database\BaseBuilder->get()
#3 /Library/WebServer/Documents/morelab/app/Filters/Maintenance.php(18): get_general_settings()
#4 /Library/WebServer/Documents/morelab/vendor/codeigniter4/framework/system/Filters/Filters.php(173): App\Filters\Maintenance->before(Object(CodeIgniter\HTTP\IncomingRequest), NULL)
#5 /Library/WebServer/Documents/morelab/vendor/codeigniter4/framework/system/CodeIgniter.php(386): CodeIgniter\Filters\Filters->run('/', 'before')
#6 /Library/WebServer/Documents/morelab/vendor/codeigniter4/framework/system/CodeIgniter.php(320): CodeIgniter\CodeIgniter->handleRequest(NULL, Object(Config\Cache), false)
#7 /Library/WebServer/Documents/morelab/index.php(45): CodeIgniter\CodeIgniter->run()
#8 {main}
ERROR - 2025-04-16 07:48:06 --> Error connecting to the database: Access denied for user '****'@'localhost' (using password: NO)
CRITICAL - 2025-04-16 07:48:06 --> Unable to connect to the database.
Main connection [MySQLi]: Access denied for user '****'@'localhost' (using password: NO)
#0 /Library/WebServer/Documents/morelab/vendor/codeigniter4/framework/system/Database/BaseConnection.php(577): CodeIgniter\Database\BaseConnection->initialize()
#1 /Library/WebServer/Documents/morelab/vendor/codeigniter4/framework/system/Database/BaseBuilder.php(1455): CodeIgniter\Database\BaseConnection->query('SELECT *\nFROM `...', Array, false)
#2 /Library/WebServer/Documents/morelab/app/Helpers/custom_helper.php(25): CodeIgniter\Database\BaseBuilder->get()
#3 /Library/WebServer/Documents/morelab/app/Filters/Maintenance.php(18): get_general_settings()
#4 /Library/WebServer/Documents/morelab/vendor/codeigniter4/framework/system/Filters/Filters.php(173): App\Filters\Maintenance->before(Object(CodeIgniter\HTTP\IncomingRequest), NULL)
#5 /Library/WebServer/Documents/morelab/vendor/codeigniter4/framework/system/CodeIgniter.php(386): CodeIgniter\Filters\Filters->run('/', 'before')
#6 /Library/WebServer/Documents/morelab/vendor/codeigniter4/framework/system/CodeIgniter.php(320): CodeIgniter\CodeIgniter->handleRequest(NULL, Object(Config\Cache), false)
#7 /Library/WebServer/Documents/morelab/index.php(45): CodeIgniter\CodeIgniter->run()
#8 {main}
ERROR - 2025-04-16 07:48:07 --> Error connecting to the database: Access denied for user '****'@'localhost' (using password: NO)
CRITICAL - 2025-04-16 07:48:07 --> Unable to connect to the database.
Main connection [MySQLi]: Access denied for user '****'@'localhost' (using password: NO)
#0 /Library/WebServer/Documents/morelab/vendor/codeigniter4/framework/system/Database/BaseConnection.php(577): CodeIgniter\Database\BaseConnection->initialize()
#1 /Library/WebServer/Documents/morelab/vendor/codeigniter4/framework/system/Database/BaseBuilder.php(1455): CodeIgniter\Database\BaseConnection->query('SELECT *\nFROM `...', Array, false)
#2 /Library/WebServer/Documents/morelab/app/Helpers/custom_helper.php(25): CodeIgniter\Database\BaseBuilder->get()
#3 /Library/WebServer/Documents/morelab/app/Filters/Maintenance.php(18): get_general_settings()
#4 /Library/WebServer/Documents/morelab/vendor/codeigniter4/framework/system/Filters/Filters.php(173): App\Filters\Maintenance->before(Object(CodeIgniter\HTTP\IncomingRequest), NULL)
#5 /Library/WebServer/Documents/morelab/vendor/codeigniter4/framework/system/CodeIgniter.php(386): CodeIgniter\Filters\Filters->run('/', 'before')
#6 /Library/WebServer/Documents/morelab/vendor/codeigniter4/framework/system/CodeIgniter.php(320): CodeIgniter\CodeIgniter->handleRequest(NULL, Object(Config\Cache), false)
#7 /Library/WebServer/Documents/morelab/index.php(45): CodeIgniter\CodeIgniter->run()
#8 {main}
ERROR - 2025-04-16 07:48:08 --> Error connecting to the database: Access denied for user '****'@'localhost' (using password: NO)
CRITICAL - 2025-04-16 07:48:08 --> Unable to connect to the database.
Main connection [MySQLi]: Access denied for user '****'@'localhost' (using password: NO)
#0 /Library/WebServer/Documents/morelab/vendor/codeigniter4/framework/system/Database/BaseConnection.php(577): CodeIgniter\Database\BaseConnection->initialize()
#1 /Library/WebServer/Documents/morelab/vendor/codeigniter4/framework/system/Database/BaseBuilder.php(1455): CodeIgniter\Database\BaseConnection->query('SELECT *\nFROM `...', Array, false)
#2 /Library/WebServer/Documents/morelab/app/Helpers/custom_helper.php(25): CodeIgniter\Database\BaseBuilder->get()
#3 /Library/WebServer/Documents/morelab/app/Filters/Maintenance.php(18): get_general_settings()
#4 /Library/WebServer/Documents/morelab/vendor/codeigniter4/framework/system/Filters/Filters.php(173): App\Filters\Maintenance->before(Object(CodeIgniter\HTTP\IncomingRequest), NULL)
#5 /Library/WebServer/Documents/morelab/vendor/codeigniter4/framework/system/CodeIgniter.php(386): CodeIgniter\Filters\Filters->run('/', 'before')
#6 /Library/WebServer/Documents/morelab/vendor/codeigniter4/framework/system/CodeIgniter.php(320): CodeIgniter\CodeIgniter->handleRequest(NULL, Object(Config\Cache), false)
#7 /Library/WebServer/Documents/morelab/index.php(45): CodeIgniter\CodeIgniter->run()
#8 {main}
ERROR - 2025-04-16 07:48:08 --> Error connecting to the database: Access denied for user '****'@'localhost' (using password: NO)
CRITICAL - 2025-04-16 07:48:08 --> Unable to connect to the database.
Main connection [MySQLi]: Access denied for user '****'@'localhost' (using password: NO)
#0 /Library/WebServer/Documents/morelab/vendor/codeigniter4/framework/system/Database/BaseConnection.php(577): CodeIgniter\Database\BaseConnection->initialize()
#1 /Library/WebServer/Documents/morelab/vendor/codeigniter4/framework/system/Database/BaseBuilder.php(1455): CodeIgniter\Database\BaseConnection->query('SELECT *\nFROM `...', Array, false)
#2 /Library/WebServer/Documents/morelab/app/Helpers/custom_helper.php(25): CodeIgniter\Database\BaseBuilder->get()
#3 /Library/WebServer/Documents/morelab/app/Filters/Maintenance.php(18): get_general_settings()
#4 /Library/WebServer/Documents/morelab/vendor/codeigniter4/framework/system/Filters/Filters.php(173): App\Filters\Maintenance->before(Object(CodeIgniter\HTTP\IncomingRequest), NULL)
#5 /Library/WebServer/Documents/morelab/vendor/codeigniter4/framework/system/CodeIgniter.php(386): CodeIgniter\Filters\Filters->run('/', 'before')
#6 /Library/WebServer/Documents/morelab/vendor/codeigniter4/framework/system/CodeIgniter.php(320): CodeIgniter\CodeIgniter->handleRequest(NULL, Object(Config\Cache), false)
#7 /Library/WebServer/Documents/morelab/index.php(45): CodeIgniter\CodeIgniter->run()
#8 {main}
ERROR - 2025-04-16 07:48:17 --> Error connecting to the database: Access denied for user '****'@'localhost' (using password: NO)
CRITICAL - 2025-04-16 07:48:17 --> Unable to connect to the database.
Main connection [MySQLi]: Access denied for user '****'@'localhost' (using password: NO)
#0 /Library/WebServer/Documents/morelab/vendor/codeigniter4/framework/system/Database/BaseConnection.php(577): CodeIgniter\Database\BaseConnection->initialize()
#1 /Library/WebServer/Documents/morelab/vendor/codeigniter4/framework/system/Database/BaseBuilder.php(1455): CodeIgniter\Database\BaseConnection->query('SELECT *\nFROM `...', Array, false)
#2 /Library/WebServer/Documents/morelab/app/Helpers/custom_helper.php(25): CodeIgniter\Database\BaseBuilder->get()
#3 /Library/WebServer/Documents/morelab/app/Filters/Maintenance.php(18): get_general_settings()
#4 /Library/WebServer/Documents/morelab/vendor/codeigniter4/framework/system/Filters/Filters.php(173): App\Filters\Maintenance->before(Object(CodeIgniter\HTTP\IncomingRequest), NULL)
#5 /Library/WebServer/Documents/morelab/vendor/codeigniter4/framework/system/CodeIgniter.php(386): CodeIgniter\Filters\Filters->run('/', 'before')
#6 /Library/WebServer/Documents/morelab/vendor/codeigniter4/framework/system/CodeIgniter.php(320): CodeIgniter\CodeIgniter->handleRequest(NULL, Object(Config\Cache), false)
#7 /Library/WebServer/Documents/morelab/index.php(45): CodeIgniter\CodeIgniter->run()
#8 {main}
ERROR - 2025-04-16 07:48:18 --> Error connecting to the database: Access denied for user '****'@'localhost' (using password: NO)
CRITICAL - 2025-04-16 07:48:18 --> Unable to connect to the database.
Main connection [MySQLi]: Access denied for user '****'@'localhost' (using password: NO)
#0 /Library/WebServer/Documents/morelab/vendor/codeigniter4/framework/system/Database/BaseConnection.php(577): CodeIgniter\Database\BaseConnection->initialize()
#1 /Library/WebServer/Documents/morelab/vendor/codeigniter4/framework/system/Database/BaseBuilder.php(1455): CodeIgniter\Database\BaseConnection->query('SELECT *\nFROM `...', Array, false)
#2 /Library/WebServer/Documents/morelab/app/Helpers/custom_helper.php(25): CodeIgniter\Database\BaseBuilder->get()
#3 /Library/WebServer/Documents/morelab/app/Filters/Maintenance.php(18): get_general_settings()
#4 /Library/WebServer/Documents/morelab/vendor/codeigniter4/framework/system/Filters/Filters.php(173): App\Filters\Maintenance->before(Object(CodeIgniter\HTTP\IncomingRequest), NULL)
#5 /Library/WebServer/Documents/morelab/vendor/codeigniter4/framework/system/CodeIgniter.php(386): CodeIgniter\Filters\Filters->run('/', 'before')
#6 /Library/WebServer/Documents/morelab/vendor/codeigniter4/framework/system/CodeIgniter.php(320): CodeIgniter\CodeIgniter->handleRequest(NULL, Object(Config\Cache), false)
#7 /Library/WebServer/Documents/morelab/index.php(45): CodeIgniter\CodeIgniter->run()
#8 {main}
CRITICAL - 2025-04-16 07:49:11 --> Attempt to read property "maintenance_mode_status" on null
#0 /Library/WebServer/Documents/morelab/app/Filters/Maintenance.php(18): CodeIgniter\Debug\Exceptions->errorHandler(2, 'Attempt to read...', '/Library/WebSer...', 18)
#1 /Library/WebServer/Documents/morelab/vendor/codeigniter4/framework/system/Filters/Filters.php(173): App\Filters\Maintenance->before(Object(CodeIgniter\HTTP\IncomingRequest), NULL)
#2 /Library/WebServer/Documents/morelab/vendor/codeigniter4/framework/system/CodeIgniter.php(386): CodeIgniter\Filters\Filters->run('/', 'before')
#3 /Library/WebServer/Documents/morelab/vendor/codeigniter4/framework/system/CodeIgniter.php(320): CodeIgniter\CodeIgniter->handleRequest(NULL, Object(Config\Cache), false)
#4 /Library/WebServer/Documents/morelab/index.php(45): CodeIgniter\CodeIgniter->run()
#5 {main}
CRITICAL - 2025-04-16 07:49:11 --> Attempt to read property "maintenance_mode_status" on null
#0 /Library/WebServer/Documents/morelab/app/Filters/Maintenance.php(18): CodeIgniter\Debug\Exceptions->errorHandler(2, 'Attempt to read...', '/Library/WebSer...', 18)
#1 /Library/WebServer/Documents/morelab/vendor/codeigniter4/framework/system/Filters/Filters.php(173): App\Filters\Maintenance->before(Object(CodeIgniter\HTTP\IncomingRequest), NULL)
#2 /Library/WebServer/Documents/morelab/vendor/codeigniter4/framework/system/CodeIgniter.php(386): CodeIgniter\Filters\Filters->run('/', 'before')
#3 /Library/WebServer/Documents/morelab/vendor/codeigniter4/framework/system/CodeIgniter.php(320): CodeIgniter\CodeIgniter->handleRequest(NULL, Object(Config\Cache), false)
#4 /Library/WebServer/Documents/morelab/index.php(45): CodeIgniter\CodeIgniter->run()
#5 {main}
CRITICAL - 2025-04-16 07:49:12 --> Attempt to read property "maintenance_mode_status" on null
#0 /Library/WebServer/Documents/morelab/app/Filters/Maintenance.php(18): CodeIgniter\Debug\Exceptions->errorHandler(2, 'Attempt to read...', '/Library/WebSer...', 18)
#1 /Library/WebServer/Documents/morelab/vendor/codeigniter4/framework/system/Filters/Filters.php(173): App\Filters\Maintenance->before(Object(CodeIgniter\HTTP\IncomingRequest), NULL)
#2 /Library/WebServer/Documents/morelab/vendor/codeigniter4/framework/system/CodeIgniter.php(386): CodeIgniter\Filters\Filters->run('/', 'before')
#3 /Library/WebServer/Documents/morelab/vendor/codeigniter4/framework/system/CodeIgniter.php(320): CodeIgniter\CodeIgniter->handleRequest(NULL, Object(Config\Cache), false)
#4 /Library/WebServer/Documents/morelab/index.php(45): CodeIgniter\CodeIgniter->run()
#5 {main}
CRITICAL - 2025-04-16 07:49:12 --> Attempt to read property "maintenance_mode_status" on null
#0 /Library/WebServer/Documents/morelab/app/Filters/Maintenance.php(18): CodeIgniter\Debug\Exceptions->errorHandler(2, 'Attempt to read...', '/Library/WebSer...', 18)
#1 /Library/WebServer/Documents/morelab/vendor/codeigniter4/framework/system/Filters/Filters.php(173): App\Filters\Maintenance->before(Object(CodeIgniter\HTTP\IncomingRequest), NULL)
#2 /Library/WebServer/Documents/morelab/vendor/codeigniter4/framework/system/CodeIgniter.php(386): CodeIgniter\Filters\Filters->run('/', 'before')
#3 /Library/WebServer/Documents/morelab/vendor/codeigniter4/framework/system/CodeIgniter.php(320): CodeIgniter\CodeIgniter->handleRequest(NULL, Object(Config\Cache), false)
#4 /Library/WebServer/Documents/morelab/index.php(45): CodeIgniter\CodeIgniter->run()
#5 {main}
CRITICAL - 2025-04-16 07:49:15 --> Attempt to read property "maintenance_mode_status" on null
#0 /Library/WebServer/Documents/morelab/app/Filters/Maintenance.php(18): CodeIgniter\Debug\Exceptions->errorHandler(2, 'Attempt to read...', '/Library/WebSer...', 18)
#1 /Library/WebServer/Documents/morelab/vendor/codeigniter4/framework/system/Filters/Filters.php(173): App\Filters\Maintenance->before(Object(CodeIgniter\HTTP\IncomingRequest), NULL)
#2 /Library/WebServer/Documents/morelab/vendor/codeigniter4/framework/system/CodeIgniter.php(386): CodeIgniter\Filters\Filters->run('/', 'before')
#3 /Library/WebServer/Documents/morelab/vendor/codeigniter4/framework/system/CodeIgniter.php(320): CodeIgniter\CodeIgniter->handleRequest(NULL, Object(Config\Cache), false)
#4 /Library/WebServer/Documents/morelab/index.php(45): CodeIgniter\CodeIgniter->run()
#5 {main}
CRITICAL - 2025-04-16 07:49:25 --> Attempt to read property "maintenance_mode_status" on null
#0 /Library/WebServer/Documents/morelab/app/Filters/Maintenance.php(18): CodeIgniter\Debug\Exceptions->errorHandler(2, 'Attempt to read...', '/Library/WebSer...', 18)
#1 /Library/WebServer/Documents/morelab/vendor/codeigniter4/framework/system/Filters/Filters.php(173): App\Filters\Maintenance->before(Object(CodeIgniter\HTTP\IncomingRequest), NULL)
#2 /Library/WebServer/Documents/morelab/vendor/codeigniter4/framework/system/CodeIgniter.php(386): CodeIgniter\Filters\Filters->run('/', 'before')
#3 /Library/WebServer/Documents/morelab/vendor/codeigniter4/framework/system/CodeIgniter.php(320): CodeIgniter\CodeIgniter->handleRequest(NULL, Object(Config\Cache), false)
#4 /Library/WebServer/Documents/morelab/index.php(45): CodeIgniter\CodeIgniter->run()
#5 {main}
CRITICAL - 2025-04-16 07:49:26 --> Attempt to read property "maintenance_mode_status" on null
#0 /Library/WebServer/Documents/morelab/app/Filters/Maintenance.php(18): CodeIgniter\Debug\Exceptions->errorHandler(2, 'Attempt to read...', '/Library/WebSer...', 18)
#1 /Library/WebServer/Documents/morelab/vendor/codeigniter4/framework/system/Filters/Filters.php(173): App\Filters\Maintenance->before(Object(CodeIgniter\HTTP\IncomingRequest), NULL)
#2 /Library/WebServer/Documents/morelab/vendor/codeigniter4/framework/system/CodeIgniter.php(386): CodeIgniter\Filters\Filters->run('/', 'before')
#3 /Library/WebServer/Documents/morelab/vendor/codeigniter4/framework/system/CodeIgniter.php(320): CodeIgniter\CodeIgniter->handleRequest(NULL, Object(Config\Cache), false)
#4 /Library/WebServer/Documents/morelab/index.php(45): CodeIgniter\CodeIgniter->run()
#5 {main}
CRITICAL - 2025-04-16 07:50:13 --> Encrypter needs a starter key.
#0 /Library/WebServer/Documents/morelab/vendor/codeigniter4/framework/system/Encryption/Encryption.php(124): CodeIgniter\Encryption\Exceptions\EncryptionException::forNeedsStarterKey()
#1 /Library/WebServer/Documents/morelab/vendor/codeigniter4/framework/system/Config/Services.php(215): CodeIgniter\Encryption\Encryption->initialize(Object(Config\Encryption))
#2 /Library/WebServer/Documents/morelab/vendor/codeigniter4/framework/system/Config/BaseService.php(248): CodeIgniter\Config\Services::encrypter()
#3 /Library/WebServer/Documents/morelab/app/Controllers/BaseController.php(56): CodeIgniter\Config\BaseService::__callStatic('encrypter', Array)
#4 /Library/WebServer/Documents/morelab/vendor/codeigniter4/framework/system/CodeIgniter.php(803): App\Controllers\BaseController->initController(Object(CodeIgniter\HTTP\IncomingRequest), Object(CodeIgniter\HTTP\Response), Object(CodeIgniter\Log\Logger))
#5 /Library/WebServer/Documents/morelab/vendor/codeigniter4/framework/system/CodeIgniter.php(403): CodeIgniter\CodeIgniter->createController()
#6 /Library/WebServer/Documents/morelab/vendor/codeigniter4/framework/system/CodeIgniter.php(320): CodeIgniter\CodeIgniter->handleRequest(NULL, Object(Config\Cache), false)
#7 /Library/WebServer/Documents/morelab/index.php(45): CodeIgniter\CodeIgniter->run()
#8 {main}
CRITICAL - 2025-04-16 07:50:13 --> Encrypter needs a starter key.
#0 /Library/WebServer/Documents/morelab/vendor/codeigniter4/framework/system/Encryption/Encryption.php(124): CodeIgniter\Encryption\Exceptions\EncryptionException::forNeedsStarterKey()
#1 /Library/WebServer/Documents/morelab/vendor/codeigniter4/framework/system/Config/Services.php(215): CodeIgniter\Encryption\Encryption->initialize(Object(Config\Encryption))
#2 /Library/WebServer/Documents/morelab/vendor/codeigniter4/framework/system/Config/BaseService.php(248): CodeIgniter\Config\Services::encrypter()
#3 /Library/WebServer/Documents/morelab/app/Controllers/BaseController.php(56): CodeIgniter\Config\BaseService::__callStatic('encrypter', Array)
#4 /Library/WebServer/Documents/morelab/vendor/codeigniter4/framework/system/CodeIgniter.php(803): App\Controllers\BaseController->initController(Object(CodeIgniter\HTTP\IncomingRequest), Object(CodeIgniter\HTTP\Response), Object(CodeIgniter\Log\Logger))
#5 /Library/WebServer/Documents/morelab/vendor/codeigniter4/framework/system/CodeIgniter.php(403): CodeIgniter\CodeIgniter->createController()
#6 /Library/WebServer/Documents/morelab/vendor/codeigniter4/framework/system/CodeIgniter.php(320): CodeIgniter\CodeIgniter->handleRequest(NULL, Object(Config\Cache), false)
#7 /Library/WebServer/Documents/morelab/index.php(45): CodeIgniter\CodeIgniter->run()
#8 {main}
CRITICAL - 2025-04-16 07:50:22 --> Encrypter needs a starter key.
#0 /Library/WebServer/Documents/morelab/vendor/codeigniter4/framework/system/Encryption/Encryption.php(124): CodeIgniter\Encryption\Exceptions\EncryptionException::forNeedsStarterKey()
#1 /Library/WebServer/Documents/morelab/vendor/codeigniter4/framework/system/Config/Services.php(215): CodeIgniter\Encryption\Encryption->initialize(Object(Config\Encryption))
#2 /Library/WebServer/Documents/morelab/vendor/codeigniter4/framework/system/Config/BaseService.php(248): CodeIgniter\Config\Services::encrypter()
#3 /Library/WebServer/Documents/morelab/app/Controllers/BaseController.php(56): CodeIgniter\Config\BaseService::__callStatic('encrypter', Array)
#4 /Library/WebServer/Documents/morelab/vendor/codeigniter4/framework/system/CodeIgniter.php(803): App\Controllers\BaseController->initController(Object(CodeIgniter\HTTP\IncomingRequest), Object(CodeIgniter\HTTP\Response), Object(CodeIgniter\Log\Logger))
#5 /Library/WebServer/Documents/morelab/vendor/codeigniter4/framework/system/CodeIgniter.php(403): CodeIgniter\CodeIgniter->createController()
#6 /Library/WebServer/Documents/morelab/vendor/codeigniter4/framework/system/CodeIgniter.php(320): CodeIgniter\CodeIgniter->handleRequest(NULL, Object(Config\Cache), false)
#7 /Library/WebServer/Documents/morelab/index.php(45): CodeIgniter\CodeIgniter->run()
#8 {main}
CRITICAL - 2025-04-16 07:50:23 --> Encrypter needs a starter key.
#0 /Library/WebServer/Documents/morelab/vendor/codeigniter4/framework/system/Encryption/Encryption.php(124): CodeIgniter\Encryption\Exceptions\EncryptionException::forNeedsStarterKey()
#1 /Library/WebServer/Documents/morelab/vendor/codeigniter4/framework/system/Config/Services.php(215): CodeIgniter\Encryption\Encryption->initialize(Object(Config\Encryption))
#2 /Library/WebServer/Documents/morelab/vendor/codeigniter4/framework/system/Config/BaseService.php(248): CodeIgniter\Config\Services::encrypter()
#3 /Library/WebServer/Documents/morelab/app/Controllers/BaseController.php(56): CodeIgniter\Config\BaseService::__callStatic('encrypter', Array)
#4 /Library/WebServer/Documents/morelab/vendor/codeigniter4/framework/system/CodeIgniter.php(803): App\Controllers\BaseController->initController(Object(CodeIgniter\HTTP\IncomingRequest), Object(CodeIgniter\HTTP\Response), Object(CodeIgniter\Log\Logger))
#5 /Library/WebServer/Documents/morelab/vendor/codeigniter4/framework/system/CodeIgniter.php(403): CodeIgniter\CodeIgniter->createController()
#6 /Library/WebServer/Documents/morelab/vendor/codeigniter4/framework/system/CodeIgniter.php(320): CodeIgniter\CodeIgniter->handleRequest(NULL, Object(Config\Cache), false)
#7 /Library/WebServer/Documents/morelab/index.php(45): CodeIgniter\CodeIgniter->run()
#8 {main}
CRITICAL - 2025-04-16 07:50:24 --> Encrypter needs a starter key.
#0 /Library/WebServer/Documents/morelab/vendor/codeigniter4/framework/system/Encryption/Encryption.php(124): CodeIgniter\Encryption\Exceptions\EncryptionException::forNeedsStarterKey()
#1 /Library/WebServer/Documents/morelab/vendor/codeigniter4/framework/system/Config/Services.php(215): CodeIgniter\Encryption\Encryption->initialize(Object(Config\Encryption))
#2 /Library/WebServer/Documents/morelab/vendor/codeigniter4/framework/system/Config/BaseService.php(248): CodeIgniter\Config\Services::encrypter()
#3 /Library/WebServer/Documents/morelab/app/Controllers/BaseController.php(56): CodeIgniter\Config\BaseService::__callStatic('encrypter', Array)
#4 /Library/WebServer/Documents/morelab/vendor/codeigniter4/framework/system/CodeIgniter.php(803): App\Controllers\BaseController->initController(Object(CodeIgniter\HTTP\IncomingRequest), Object(CodeIgniter\HTTP\Response), Object(CodeIgniter\Log\Logger))
#5 /Library/WebServer/Documents/morelab/vendor/codeigniter4/framework/system/CodeIgniter.php(403): CodeIgniter\CodeIgniter->createController()
#6 /Library/WebServer/Documents/morelab/vendor/codeigniter4/framework/system/CodeIgniter.php(320): CodeIgniter\CodeIgniter->handleRequest(NULL, Object(Config\Cache), false)
#7 /Library/WebServer/Documents/morelab/index.php(45): CodeIgniter\CodeIgniter->run()
#8 {main}
CRITICAL - 2025-04-16 07:50:24 --> Encrypter needs a starter key.
#0 /Library/WebServer/Documents/morelab/vendor/codeigniter4/framework/system/Encryption/Encryption.php(124): CodeIgniter\Encryption\Exceptions\EncryptionException::forNeedsStarterKey()
#1 /Library/WebServer/Documents/morelab/vendor/codeigniter4/framework/system/Config/Services.php(215): CodeIgniter\Encryption\Encryption->initialize(Object(Config\Encryption))
#2 /Library/WebServer/Documents/morelab/vendor/codeigniter4/framework/system/Config/BaseService.php(248): CodeIgniter\Config\Services::encrypter()
#3 /Library/WebServer/Documents/morelab/app/Controllers/BaseController.php(56): CodeIgniter\Config\BaseService::__callStatic('encrypter', Array)
#4 /Library/WebServer/Documents/morelab/vendor/codeigniter4/framework/system/CodeIgniter.php(803): App\Controllers\BaseController->initController(Object(CodeIgniter\HTTP\IncomingRequest), Object(CodeIgniter\HTTP\Response), Object(CodeIgniter\Log\Logger))
#5 /Library/WebServer/Documents/morelab/vendor/codeigniter4/framework/system/CodeIgniter.php(403): CodeIgniter\CodeIgniter->createController()
#6 /Library/WebServer/Documents/morelab/vendor/codeigniter4/framework/system/CodeIgniter.php(320): CodeIgniter\CodeIgniter->handleRequest(NULL, Object(Config\Cache), false)
#7 /Library/WebServer/Documents/morelab/index.php(45): CodeIgniter\CodeIgniter->run()
#8 {main}
CRITICAL - 2025-04-16 07:50:25 --> Encrypter needs a starter key.
#0 /Library/WebServer/Documents/morelab/vendor/codeigniter4/framework/system/Encryption/Encryption.php(124): CodeIgniter\Encryption\Exceptions\EncryptionException::forNeedsStarterKey()
#1 /Library/WebServer/Documents/morelab/vendor/codeigniter4/framework/system/Config/Services.php(215): CodeIgniter\Encryption\Encryption->initialize(Object(Config\Encryption))
#2 /Library/WebServer/Documents/morelab/vendor/codeigniter4/framework/system/Config/BaseService.php(248): CodeIgniter\Config\Services::encrypter()
#3 /Library/WebServer/Documents/morelab/app/Controllers/BaseController.php(56): CodeIgniter\Config\BaseService::__callStatic('encrypter', Array)
#4 /Library/WebServer/Documents/morelab/vendor/codeigniter4/framework/system/CodeIgniter.php(803): App\Controllers\BaseController->initController(Object(CodeIgniter\HTTP\IncomingRequest), Object(CodeIgniter\HTTP\Response), Object(CodeIgniter\Log\Logger))
#5 /Library/WebServer/Documents/morelab/vendor/codeigniter4/framework/system/CodeIgniter.php(403): CodeIgniter\CodeIgniter->createController()
#6 /Library/WebServer/Documents/morelab/vendor/codeigniter4/framework/system/CodeIgniter.php(320): CodeIgniter\CodeIgniter->handleRequest(NULL, Object(Config\Cache), false)
#7 /Library/WebServer/Documents/morelab/index.php(45): CodeIgniter\CodeIgniter->run()
#8 {main}
CRITICAL - 2025-04-16 07:50:33 --> Encrypter needs a starter key.
#0 /Library/WebServer/Documents/morelab/vendor/codeigniter4/framework/system/Encryption/Encryption.php(124): CodeIgniter\Encryption\Exceptions\EncryptionException::forNeedsStarterKey()
#1 /Library/WebServer/Documents/morelab/vendor/codeigniter4/framework/system/Config/Services.php(215): CodeIgniter\Encryption\Encryption->initialize(Object(Config\Encryption))
#2 /Library/WebServer/Documents/morelab/vendor/codeigniter4/framework/system/Config/BaseService.php(248): CodeIgniter\Config\Services::encrypter()
#3 /Library/WebServer/Documents/morelab/app/Controllers/BaseController.php(56): CodeIgniter\Config\BaseService::__callStatic('encrypter', Array)
#4 /Library/WebServer/Documents/morelab/vendor/codeigniter4/framework/system/CodeIgniter.php(803): App\Controllers\BaseController->initController(Object(CodeIgniter\HTTP\IncomingRequest), Object(CodeIgniter\HTTP\Response), Object(CodeIgniter\Log\Logger))
#5 /Library/WebServer/Documents/morelab/vendor/codeigniter4/framework/system/CodeIgniter.php(403): CodeIgniter\CodeIgniter->createController()
#6 /Library/WebServer/Documents/morelab/vendor/codeigniter4/framework/system/CodeIgniter.php(320): CodeIgniter\CodeIgniter->handleRequest(NULL, Object(Config\Cache), false)
#7 /Library/WebServer/Documents/morelab/index.php(45): CodeIgniter\CodeIgniter->run()
#8 {main}
CRITICAL - 2025-04-16 07:50:34 --> Encrypter needs a starter key.
#0 /Library/WebServer/Documents/morelab/vendor/codeigniter4/framework/system/Encryption/Encryption.php(124): CodeIgniter\Encryption\Exceptions\EncryptionException::forNeedsStarterKey()
#1 /Library/WebServer/Documents/morelab/vendor/codeigniter4/framework/system/Config/Services.php(215): CodeIgniter\Encryption\Encryption->initialize(Object(Config\Encryption))
#2 /Library/WebServer/Documents/morelab/vendor/codeigniter4/framework/system/Config/BaseService.php(248): CodeIgniter\Config\Services::encrypter()
#3 /Library/WebServer/Documents/morelab/app/Controllers/BaseController.php(56): CodeIgniter\Config\BaseService::__callStatic('encrypter', Array)
#4 /Library/WebServer/Documents/morelab/vendor/codeigniter4/framework/system/CodeIgniter.php(803): App\Controllers\BaseController->initController(Object(CodeIgniter\HTTP\IncomingRequest), Object(CodeIgniter\HTTP\Response), Object(CodeIgniter\Log\Logger))
#5 /Library/WebServer/Documents/morelab/vendor/codeigniter4/framework/system/CodeIgniter.php(403): CodeIgniter\CodeIgniter->createController()
#6 /Library/WebServer/Documents/morelab/vendor/codeigniter4/framework/system/CodeIgniter.php(320): CodeIgniter\CodeIgniter->handleRequest(NULL, Object(Config\Cache), false)
#7 /Library/WebServer/Documents/morelab/index.php(45): CodeIgniter\CodeIgniter->run()
#8 {main}
CRITICAL - 2025-04-16 07:50:36 --> Encrypter needs a starter key.
#0 /Library/WebServer/Documents/morelab/vendor/codeigniter4/framework/system/Encryption/Encryption.php(124): CodeIgniter\Encryption\Exceptions\EncryptionException::forNeedsStarterKey()
#1 /Library/WebServer/Documents/morelab/vendor/codeigniter4/framework/system/Config/Services.php(215): CodeIgniter\Encryption\Encryption->initialize(Object(Config\Encryption))
#2 /Library/WebServer/Documents/morelab/vendor/codeigniter4/framework/system/Config/BaseService.php(248): CodeIgniter\Config\Services::encrypter()
#3 /Library/WebServer/Documents/morelab/app/Controllers/BaseController.php(56): CodeIgniter\Config\BaseService::__callStatic('encrypter', Array)
#4 /Library/WebServer/Documents/morelab/vendor/codeigniter4/framework/system/CodeIgniter.php(803): App\Controllers\BaseController->initController(Object(CodeIgniter\HTTP\IncomingRequest), Object(CodeIgniter\HTTP\Response), Object(CodeIgniter\Log\Logger))
#5 /Library/WebServer/Documents/morelab/vendor/codeigniter4/framework/system/CodeIgniter.php(403): CodeIgniter\CodeIgniter->createController()
#6 /Library/WebServer/Documents/morelab/vendor/codeigniter4/framework/system/CodeIgniter.php(320): CodeIgniter\CodeIgniter->handleRequest(NULL, Object(Config\Cache), false)
#7 /Library/WebServer/Documents/morelab/index.php(45): CodeIgniter\CodeIgniter->run()
#8 {main}
CRITICAL - 2025-04-16 07:57:07 --> trim(): Passing null to parameter #1 ($string) of type string is deprecated
#0 [internal function]: CodeIgniter\Debug\Exceptions->errorHandler(8192, 'trim(): Passing...', '/Library/WebSer...', 35)
#1 /Library/WebServer/Documents/morelab/app/Models/UsersModel.php(35): trim(NULL)
#2 /Library/WebServer/Documents/morelab/app/Models/UsersModel.php(159): App\Models\UsersModel->input_values()
#3 /Library/WebServer/Documents/morelab/app/Controllers/Auth/Login.php(58): App\Models\UsersModel->login()
#4 /Library/WebServer/Documents/morelab/vendor/codeigniter4/framework/system/CodeIgniter.php(825): App\Controllers\Auth\Login->admin_login_post()
#5 /Library/WebServer/Documents/morelab/vendor/codeigniter4/framework/system/CodeIgniter.php(412): CodeIgniter\CodeIgniter->runController(Object(App\Controllers\Auth\Login))
#6 /Library/WebServer/Documents/morelab/vendor/codeigniter4/framework/system/CodeIgniter.php(320): CodeIgniter\CodeIgniter->handleRequest(NULL, Object(Config\Cache), false)
#7 /Library/WebServer/Documents/morelab/public/index.php(37): CodeIgniter\CodeIgniter->run()
#8 {main}
CRITICAL - 2025-04-16 07:57:09 --> trim(): Passing null to parameter #1 ($string) of type string is deprecated
#0 [internal function]: CodeIgniter\Debug\Exceptions->errorHandler(8192, 'trim(): Passing...', '/Library/WebSer...', 35)
#1 /Library/WebServer/Documents/morelab/app/Models/UsersModel.php(35): trim(NULL)
#2 /Library/WebServer/Documents/morelab/app/Models/UsersModel.php(159): App\Models\UsersModel->input_values()
#3 /Library/WebServer/Documents/morelab/app/Controllers/Auth/Login.php(58): App\Models\UsersModel->login()
#4 /Library/WebServer/Documents/morelab/vendor/codeigniter4/framework/system/CodeIgniter.php(825): App\Controllers\Auth\Login->admin_login_post()
#5 /Library/WebServer/Documents/morelab/vendor/codeigniter4/framework/system/CodeIgniter.php(412): CodeIgniter\CodeIgniter->runController(Object(App\Controllers\Auth\Login))
#6 /Library/WebServer/Documents/morelab/vendor/codeigniter4/framework/system/CodeIgniter.php(320): CodeIgniter\CodeIgniter->handleRequest(NULL, Object(Config\Cache), false)
#7 /Library/WebServer/Documents/morelab/public/index.php(37): CodeIgniter\CodeIgniter->run()
#8 {main}
CRITICAL - 2025-04-16 07:57:17 --> trim(): Passing null to parameter #1 ($string) of type string is deprecated
#0 [internal function]: CodeIgniter\Debug\Exceptions->errorHandler(8192, 'trim(): Passing...', '/Library/WebSer...', 35)
#1 /Library/WebServer/Documents/morelab/app/Models/UsersModel.php(35): trim(NULL)
#2 /Library/WebServer/Documents/morelab/app/Models/UsersModel.php(159): App\Models\UsersModel->input_values()
#3 /Library/WebServer/Documents/morelab/app/Controllers/Auth/Login.php(58): App\Models\UsersModel->login()
#4 /Library/WebServer/Documents/morelab/vendor/codeigniter4/framework/system/CodeIgniter.php(825): App\Controllers\Auth\Login->admin_login_post()
#5 /Library/WebServer/Documents/morelab/vendor/codeigniter4/framework/system/CodeIgniter.php(412): CodeIgniter\CodeIgniter->runController(Object(App\Controllers\Auth\Login))
#6 /Library/WebServer/Documents/morelab/vendor/codeigniter4/framework/system/CodeIgniter.php(320): CodeIgniter\CodeIgniter->handleRequest(NULL, Object(Config\Cache), false)
#7 /Library/WebServer/Documents/morelab/public/index.php(37): CodeIgniter\CodeIgniter->run()
#8 {main}
CRITICAL - 2025-04-16 07:58:23 --> file "/Library/WebServer/Documents/morelab/public//../ceklissatu-34a6f1eb7d85.json" does not exist
#0 /Library/WebServer/Documents/morelab/app/Libraries/GoogleAnalytics.php(34): Google\Client->setAuthConfig('/Library/WebSer...')
#1 /Library/WebServer/Documents/morelab/app/Libraries/GoogleAnalytics.php(21): App\Libraries\GoogleAnalytics->initializeAnalytics()
#2 /Library/WebServer/Documents/morelab/app/Controllers/Admin/Dashboard.php(12): App\Libraries\GoogleAnalytics->__construct()
#3 /Library/WebServer/Documents/morelab/vendor/codeigniter4/framework/system/CodeIgniter.php(802): App\Controllers\Admin\Dashboard->__construct()
#4 /Library/WebServer/Documents/morelab/vendor/codeigniter4/framework/system/CodeIgniter.php(403): CodeIgniter\CodeIgniter->createController()
#5 /Library/WebServer/Documents/morelab/vendor/codeigniter4/framework/system/CodeIgniter.php(320): CodeIgniter\CodeIgniter->handleRequest(NULL, Object(Config\Cache), false)
#6 /Library/WebServer/Documents/morelab/public/index.php(37): CodeIgniter\CodeIgniter->run()
#7 {main}
CRITICAL - 2025-04-16 07:58:25 --> file "/Library/WebServer/Documents/morelab/public//../ceklissatu-34a6f1eb7d85.json" does not exist
#0 /Library/WebServer/Documents/morelab/app/Libraries/GoogleAnalytics.php(34): Google\Client->setAuthConfig('/Library/WebSer...')
#1 /Library/WebServer/Documents/morelab/app/Libraries/GoogleAnalytics.php(21): App\Libraries\GoogleAnalytics->initializeAnalytics()
#2 /Library/WebServer/Documents/morelab/app/Controllers/Admin/Dashboard.php(12): App\Libraries\GoogleAnalytics->__construct()
#3 /Library/WebServer/Documents/morelab/vendor/codeigniter4/framework/system/CodeIgniter.php(802): App\Controllers\Admin\Dashboard->__construct()
#4 /Library/WebServer/Documents/morelab/vendor/codeigniter4/framework/system/CodeIgniter.php(403): CodeIgniter\CodeIgniter->createController()
#5 /Library/WebServer/Documents/morelab/vendor/codeigniter4/framework/system/CodeIgniter.php(320): CodeIgniter\CodeIgniter->handleRequest(NULL, Object(Config\Cache), false)
#6 /Library/WebServer/Documents/morelab/public/index.php(37): CodeIgniter\CodeIgniter->run()
#7 {main}
CRITICAL - 2025-04-16 07:59:06 --> file "/Library/WebServer/Documents/morelab/public//../ceklissatu-34a6f1eb7d85.json" does not exist
#0 /Library/WebServer/Documents/morelab/app/Libraries/GoogleAnalytics.php(34): Google\Client->setAuthConfig('/Library/WebSer...')
#1 /Library/WebServer/Documents/morelab/app/Libraries/GoogleAnalytics.php(21): App\Libraries\GoogleAnalytics->initializeAnalytics()
#2 /Library/WebServer/Documents/morelab/app/Controllers/Admin/Dashboard.php(12): App\Libraries\GoogleAnalytics->__construct()
#3 /Library/WebServer/Documents/morelab/vendor/codeigniter4/framework/system/CodeIgniter.php(802): App\Controllers\Admin\Dashboard->__construct()
#4 /Library/WebServer/Documents/morelab/vendor/codeigniter4/framework/system/CodeIgniter.php(403): CodeIgniter\CodeIgniter->createController()
#5 /Library/WebServer/Documents/morelab/vendor/codeigniter4/framework/system/CodeIgniter.php(320): CodeIgniter\CodeIgniter->handleRequest(NULL, Object(Config\Cache), false)
#6 /Library/WebServer/Documents/morelab/public/index.php(37): CodeIgniter\CodeIgniter->run()
#7 {main}
CRITICAL - 2025-04-16 08:02:55 --> Attempt to read property "management_accounts" on string
#0 /Library/WebServer/Documents/morelab/app/Libraries/GoogleAnalytics.php(44): CodeIgniter\Debug\Exceptions->errorHandler(2, 'Attempt to read...', '/Library/WebSer...', 44)
#1 /Library/WebServer/Documents/morelab/app/Libraries/GoogleAnalytics.php(23): App\Libraries\GoogleAnalytics->getFirstProfileId('')
#2 /Library/WebServer/Documents/morelab/app/Controllers/Admin/Dashboard.php(12): App\Libraries\GoogleAnalytics->__construct()
#3 /Library/WebServer/Documents/morelab/vendor/codeigniter4/framework/system/CodeIgniter.php(802): App\Controllers\Admin\Dashboard->__construct()
#4 /Library/WebServer/Documents/morelab/vendor/codeigniter4/framework/system/CodeIgniter.php(403): CodeIgniter\CodeIgniter->createController()
#5 /Library/WebServer/Documents/morelab/vendor/codeigniter4/framework/system/CodeIgniter.php(320): CodeIgniter\CodeIgniter->handleRequest(NULL, Object(Config\Cache), false)
#6 /Library/WebServer/Documents/morelab/public/index.php(37): CodeIgniter\CodeIgniter->run()
#7 {main}
CRITICAL - 2025-04-16 08:02:56 --> Attempt to read property "management_accounts" on string
#0 /Library/WebServer/Documents/morelab/app/Libraries/GoogleAnalytics.php(44): CodeIgniter\Debug\Exceptions->errorHandler(2, 'Attempt to read...', '/Library/WebSer...', 44)
#1 /Library/WebServer/Documents/morelab/app/Libraries/GoogleAnalytics.php(23): App\Libraries\GoogleAnalytics->getFirstProfileId('')
#2 /Library/WebServer/Documents/morelab/app/Controllers/Admin/Dashboard.php(12): App\Libraries\GoogleAnalytics->__construct()
#3 /Library/WebServer/Documents/morelab/vendor/codeigniter4/framework/system/CodeIgniter.php(802): App\Controllers\Admin\Dashboard->__construct()
#4 /Library/WebServer/Documents/morelab/vendor/codeigniter4/framework/system/CodeIgniter.php(403): CodeIgniter\CodeIgniter->createController()
#5 /Library/WebServer/Documents/morelab/vendor/codeigniter4/framework/system/CodeIgniter.php(320): CodeIgniter\CodeIgniter->handleRequest(NULL, Object(Config\Cache), false)
#6 /Library/WebServer/Documents/morelab/public/index.php(37): CodeIgniter\CodeIgniter->run()
#7 {main}
CRITICAL - 2025-04-16 08:02:57 --> Attempt to read property "management_accounts" on string
#0 /Library/WebServer/Documents/morelab/app/Libraries/GoogleAnalytics.php(44): CodeIgniter\Debug\Exceptions->errorHandler(2, 'Attempt to read...', '/Library/WebSer...', 44)
#1 /Library/WebServer/Documents/morelab/app/Libraries/GoogleAnalytics.php(23): App\Libraries\GoogleAnalytics->getFirstProfileId('')
#2 /Library/WebServer/Documents/morelab/app/Controllers/Admin/Dashboard.php(12): App\Libraries\GoogleAnalytics->__construct()
#3 /Library/WebServer/Documents/morelab/vendor/codeigniter4/framework/system/CodeIgniter.php(802): App\Controllers\Admin\Dashboard->__construct()
#4 /Library/WebServer/Documents/morelab/vendor/codeigniter4/framework/system/CodeIgniter.php(403): CodeIgniter\CodeIgniter->createController()
#5 /Library/WebServer/Documents/morelab/vendor/codeigniter4/framework/system/CodeIgniter.php(320): CodeIgniter\CodeIgniter->handleRequest(NULL, Object(Config\Cache), false)
#6 /Library/WebServer/Documents/morelab/public/index.php(37): CodeIgniter\CodeIgniter->run()
#7 {main}
CRITICAL - 2025-04-16 08:03:03 --> Attempt to read property "management_accounts" on array
#0 /Library/WebServer/Documents/morelab/app/Libraries/GoogleAnalytics.php(44): CodeIgniter\Debug\Exceptions->errorHandler(2, 'Attempt to read...', '/Library/WebSer...', 44)
#1 /Library/WebServer/Documents/morelab/app/Libraries/GoogleAnalytics.php(23): App\Libraries\GoogleAnalytics->getFirstProfileId(Array)
#2 /Library/WebServer/Documents/morelab/app/Controllers/Admin/Dashboard.php(12): App\Libraries\GoogleAnalytics->__construct()
#3 /Library/WebServer/Documents/morelab/vendor/codeigniter4/framework/system/CodeIgniter.php(802): App\Controllers\Admin\Dashboard->__construct()
#4 /Library/WebServer/Documents/morelab/vendor/codeigniter4/framework/system/CodeIgniter.php(403): CodeIgniter\CodeIgniter->createController()
#5 /Library/WebServer/Documents/morelab/vendor/codeigniter4/framework/system/CodeIgniter.php(320): CodeIgniter\CodeIgniter->handleRequest(NULL, Object(Config\Cache), false)
#6 /Library/WebServer/Documents/morelab/public/index.php(37): CodeIgniter\CodeIgniter->run()
#7 {main}
CRITICAL - 2025-04-16 08:03:04 --> Attempt to read property "management_accounts" on array
#0 /Library/WebServer/Documents/morelab/app/Libraries/GoogleAnalytics.php(44): CodeIgniter\Debug\Exceptions->errorHandler(2, 'Attempt to read...', '/Library/WebSer...', 44)
#1 /Library/WebServer/Documents/morelab/app/Libraries/GoogleAnalytics.php(23): App\Libraries\GoogleAnalytics->getFirstProfileId(Array)
#2 /Library/WebServer/Documents/morelab/app/Controllers/Admin/Dashboard.php(12): App\Libraries\GoogleAnalytics->__construct()
#3 /Library/WebServer/Documents/morelab/vendor/codeigniter4/framework/system/CodeIgniter.php(802): App\Controllers\Admin\Dashboard->__construct()
#4 /Library/WebServer/Documents/morelab/vendor/codeigniter4/framework/system/CodeIgniter.php(403): CodeIgniter\CodeIgniter->createController()
#5 /Library/WebServer/Documents/morelab/vendor/codeigniter4/framework/system/CodeIgniter.php(320): CodeIgniter\CodeIgniter->handleRequest(NULL, Object(Config\Cache), false)
#6 /Library/WebServer/Documents/morelab/public/index.php(37): CodeIgniter\CodeIgniter->run()
#7 {main}
CRITICAL - 2025-04-16 08:06:29 --> file "/Library/WebServer/Documents/morelab/public//../ceklissatu-34a6f1eb7d85.json" does not exist
#0 /Library/WebServer/Documents/morelab/app/Libraries/GoogleAnalytics.php(34): Google\Client->setAuthConfig('/Library/WebSer...')
#1 /Library/WebServer/Documents/morelab/app/Libraries/GoogleAnalytics.php(21): App\Libraries\GoogleAnalytics->initializeAnalytics()
#2 /Library/WebServer/Documents/morelab/app/Controllers/Admin/Dashboard.php(12): App\Libraries\GoogleAnalytics->__construct()
#3 /Library/WebServer/Documents/morelab/vendor/codeigniter4/framework/system/CodeIgniter.php(802): App\Controllers\Admin\Dashboard->__construct()
#4 /Library/WebServer/Documents/morelab/vendor/codeigniter4/framework/system/CodeIgniter.php(403): CodeIgniter\CodeIgniter->createController()
#5 /Library/WebServer/Documents/morelab/vendor/codeigniter4/framework/system/CodeIgniter.php(320): CodeIgniter\CodeIgniter->handleRequest(NULL, Object(Config\Cache), false)
#6 /Library/WebServer/Documents/morelab/public/index.php(37): CodeIgniter\CodeIgniter->run()
#7 {main}
CRITICAL - 2025-04-16 08:06:30 --> file "/Library/WebServer/Documents/morelab/public//../ceklissatu-34a6f1eb7d85.json" does not exist
#0 /Library/WebServer/Documents/morelab/app/Libraries/GoogleAnalytics.php(34): Google\Client->setAuthConfig('/Library/WebSer...')
#1 /Library/WebServer/Documents/morelab/app/Libraries/GoogleAnalytics.php(21): App\Libraries\GoogleAnalytics->initializeAnalytics()
#2 /Library/WebServer/Documents/morelab/app/Controllers/Admin/Dashboard.php(12): App\Libraries\GoogleAnalytics->__construct()
#3 /Library/WebServer/Documents/morelab/vendor/codeigniter4/framework/system/CodeIgniter.php(802): App\Controllers\Admin\Dashboard->__construct()
#4 /Library/WebServer/Documents/morelab/vendor/codeigniter4/framework/system/CodeIgniter.php(403): CodeIgniter\CodeIgniter->createController()
#5 /Library/WebServer/Documents/morelab/vendor/codeigniter4/framework/system/CodeIgniter.php(320): CodeIgniter\CodeIgniter->handleRequest(NULL, Object(Config\Cache), false)
#6 /Library/WebServer/Documents/morelab/public/index.php(37): CodeIgniter\CodeIgniter->run()
#7 {main}
CRITICAL - 2025-04-16 08:07:16 --> trim(): Passing null to parameter #1 ($string) of type string is deprecated
#0 [internal function]: CodeIgniter\Debug\Exceptions->errorHandler(8192, 'trim(): Passing...', '/Library/WebSer...', 694)
#1 /Library/WebServer/Documents/morelab/app/Models/UsersModel.php(694): trim(NULL)
#2 /Library/WebServer/Documents/morelab/app/Models/UsersModel.php(686): App\Models\UsersModel->filter_admin()
#3 /Library/WebServer/Documents/morelab/app/Controllers/Admin/UserManagement.php(36): App\Models\UsersModel->get_paginated_admin_count()
#4 /Library/WebServer/Documents/morelab/vendor/codeigniter4/framework/system/CodeIgniter.php(825): App\Controllers\Admin\UserManagement->administrators()
#5 /Library/WebServer/Documents/morelab/vendor/codeigniter4/framework/system/CodeIgniter.php(412): CodeIgniter\CodeIgniter->runController(Object(App\Controllers\Admin\UserManagement))
#6 /Library/WebServer/Documents/morelab/vendor/codeigniter4/framework/system/CodeIgniter.php(320): CodeIgniter\CodeIgniter->handleRequest(NULL, Object(Config\Cache), false)
#7 /Library/WebServer/Documents/morelab/public/index.php(37): CodeIgniter\CodeIgniter->run()
#8 {main}
