CRITICAL - 2025-04-27 09:50:25 --> unlink(/Library/WebServer/Documents/mims-corpsite/writable/debugbar/debugbar_1745721934.json): No such file or directory
#0 [internal function]: CodeIgniter\Debug\Exceptions->errorHandler(2, 'unlink(/Library...', '/Library/WebSer...', 74)
#1 /Library/WebServer/Documents/mims-corpsite/vendor/codeigniter4/framework/system/Debug/Toolbar/Collectors/History.php(74): unlink('/Library/WebSer...')
#2 /Library/WebServer/Documents/mims-corpsite/vendor/codeigniter4/framework/system/Debug/Toolbar.php(487): CodeIgniter\Debug\Toolbar\Collectors\History->setFiles(1745722224, 20)
#3 /Library/WebServer/Documents/mims-corpsite/vendor/codeigniter4/framework/system/Debug/Toolbar.php(464): CodeIgniter\Debug\Toolbar->format(Array, 'html')
#4 /Library/WebServer/Documents/mims-corpsite/app/Config/Events.php(48): CodeIgniter\Debug\Toolbar->respond()
#5 /Library/WebServer/Documents/mims-corpsite/vendor/codeigniter4/framework/system/Events/Events.php(149): CodeIgniter\Events\Events::Config\{closure}()
#6 /Library/WebServer/Documents/mims-corpsite/vendor/codeigniter4/framework/system/CodeIgniter.php(302): CodeIgniter\Events\Events::trigger('pre_system')
#7 /Library/WebServer/Documents/mims-corpsite/public/index.php(38): CodeIgniter\CodeIgniter->run()
#8 {main}
CRITICAL - 2025-04-27 09:52:30 --> Class "App\Controllers\Controller" not found
#0 /Library/WebServer/Documents/mims-corpsite/vendor/codeigniter4/framework/system/Router/Router.php(518): include_once()
#1 /Library/WebServer/Documents/mims-corpsite/vendor/codeigniter4/framework/system/Router/Router.php(175): CodeIgniter\Router\Router->autoRoute('aboutus')
#2 /Library/WebServer/Documents/mims-corpsite/vendor/codeigniter4/framework/system/CodeIgniter.php(719): CodeIgniter\Router\Router->handle('aboutus')
#3 /Library/WebServer/Documents/mims-corpsite/vendor/codeigniter4/framework/system/CodeIgniter.php(361): CodeIgniter\CodeIgniter->tryToRouteIt(Object(CodeIgniter\Router\RouteCollection))
#4 /Library/WebServer/Documents/mims-corpsite/vendor/codeigniter4/framework/system/CodeIgniter.php(320): CodeIgniter\CodeIgniter->handleRequest(NULL, Object(Config\Cache), false)
#5 /Library/WebServer/Documents/mims-corpsite/public/index.php(38): CodeIgniter\CodeIgniter->run()
#6 {main}
CRITICAL - 2025-04-27 19:47:11 --> Invalid file: __compiled_assets__/css/pages/about.php
#0 /Library/WebServer/Documents/mims-corpsite/vendor/codeigniter4/framework/system/View/View.php(198): CodeIgniter\Exceptions\FrameworkException::forInvalidFile('__compiled_asse...')
#1 /Library/WebServer/Documents/mims-corpsite/vendor/codeigniter4/framework/system/Common.php(1089): CodeIgniter\View\View->render('__compiled_asse...', Array, true)
#2 /Library/WebServer/Documents/mims-corpsite/app/Views/components/header.php(71): view('__compiled_asse...')
#3 /Library/WebServer/Documents/mims-corpsite/vendor/codeigniter4/framework/system/View/View.php(210): include('/Library/WebSer...')
#4 /Library/WebServer/Documents/mims-corpsite/vendor/codeigniter4/framework/system/View/View.php(213): CodeIgniter\View\View->CodeIgniter\View\{closure}()
#5 /Library/WebServer/Documents/mims-corpsite/vendor/codeigniter4/framework/system/Common.php(1089): CodeIgniter\View\View->render('components/head...', Array, true)
#6 /Library/WebServer/Documents/mims-corpsite/app/Controllers/Aboutus.php(34): view('components/head...', Array)
#7 /Library/WebServer/Documents/mims-corpsite/vendor/codeigniter4/framework/system/CodeIgniter.php(825): App\Controllers\Aboutus->index()
#8 /Library/WebServer/Documents/mims-corpsite/vendor/codeigniter4/framework/system/CodeIgniter.php(412): CodeIgniter\CodeIgniter->runController(Object(App\Controllers\Aboutus))
#9 /Library/WebServer/Documents/mims-corpsite/vendor/codeigniter4/framework/system/CodeIgniter.php(320): CodeIgniter\CodeIgniter->handleRequest(NULL, Object(Config\Cache), false)
#10 /Library/WebServer/Documents/mims-corpsite/public/index.php(38): CodeIgniter\CodeIgniter->run()
#11 {main}
