CRITICAL - 2025-04-23 14:10:16 --> syntax error, unexpected token "public", expecting end of file
#0 /Library/WebServer/Documents/morelab/vendor/codeigniter4/framework/system/Autoloader/Autoloader.php(241): CodeIgniter\Autoloader\Autoloader->includeFile('/Library/WebSer...')
#1 /Library/WebServer/Documents/morelab/vendor/codeigniter4/framework/system/Autoloader/Autoloader.php(219): CodeIgniter\Autoloader\Autoloader->loadInNamespace('App\\Controllers...')
#2 [internal function]: CodeIgniter\Autoloader\Autoloader->loadClass('App\\Controllers...')
#3 /Library/WebServer/Documents/morelab/vendor/codeigniter4/framework/system/CodeIgniter.php(790): class_exists('\\App\\Controller...', true)
#4 /Library/WebServer/Documents/morelab/vendor/codeigniter4/framework/system/CodeIgniter.php(399): CodeIgniter\CodeIgniter->startController()
#5 /Library/WebServer/Documents/morelab/vendor/codeigniter4/framework/system/CodeIgniter.php(320): CodeIgniter\CodeIgniter->handleRequest(NULL, Object(Config\Cache), false)
#6 /Library/WebServer/Documents/morelab/public/index.php(37): CodeIgniter\CodeIgniter->run()
#7 {main}
CRITICAL - 2025-04-23 14:10:17 --> syntax error, unexpected token "public", expecting end of file
#0 /Library/WebServer/Documents/morelab/vendor/codeigniter4/framework/system/Autoloader/Autoloader.php(241): CodeIgniter\Autoloader\Autoloader->includeFile('/Library/WebSer...')
#1 /Library/WebServer/Documents/morelab/vendor/codeigniter4/framework/system/Autoloader/Autoloader.php(219): CodeIgniter\Autoloader\Autoloader->loadInNamespace('App\\Controllers...')
#2 [internal function]: CodeIgniter\Autoloader\Autoloader->loadClass('App\\Controllers...')
#3 /Library/WebServer/Documents/morelab/vendor/codeigniter4/framework/system/CodeIgniter.php(790): class_exists('\\App\\Controller...', true)
#4 /Library/WebServer/Documents/morelab/vendor/codeigniter4/framework/system/CodeIgniter.php(399): CodeIgniter\CodeIgniter->startController()
#5 /Library/WebServer/Documents/morelab/vendor/codeigniter4/framework/system/CodeIgniter.php(320): CodeIgniter\CodeIgniter->handleRequest(NULL, Object(Config\Cache), false)
#6 /Library/WebServer/Documents/morelab/public/index.php(37): CodeIgniter\CodeIgniter->run()
#7 {main}
CRITICAL - 2025-04-23 14:10:29 --> Undefined constant "App\Controllers\BASE_URL"
#0 /Library/WebServer/Documents/morelab/vendor/codeigniter4/framework/system/CodeIgniter.php(825): App\Controllers\Home->index()
#1 /Library/WebServer/Documents/morelab/vendor/codeigniter4/framework/system/CodeIgniter.php(412): CodeIgniter\CodeIgniter->runController(Object(App\Controllers\Home))
#2 /Library/WebServer/Documents/morelab/vendor/codeigniter4/framework/system/CodeIgniter.php(320): CodeIgniter\CodeIgniter->handleRequest(NULL, Object(Config\Cache), false)
#3 /Library/WebServer/Documents/morelab/public/index.php(37): CodeIgniter\CodeIgniter->run()
#4 {main}
CRITICAL - 2025-04-23 14:12:14 --> Invalid file: plugins/font_awesome.php
#0 /Library/WebServer/Documents/morelab/vendor/codeigniter4/framework/system/View/View.php(198): CodeIgniter\Exceptions\FrameworkException::forInvalidFile('plugins/font_aw...')
#1 /Library/WebServer/Documents/morelab/vendor/codeigniter4/framework/system/Common.php(1089): CodeIgniter\View\View->render('plugins/font_aw...', Array, true)
#2 /Library/WebServer/Documents/morelab/app/Views/components/header.php(68): view('plugins/font_aw...')
#3 /Library/WebServer/Documents/morelab/vendor/codeigniter4/framework/system/View/View.php(210): include('/Library/WebSer...')
#4 /Library/WebServer/Documents/morelab/vendor/codeigniter4/framework/system/View/View.php(213): CodeIgniter\View\View->CodeIgniter\View\{closure}()
#5 /Library/WebServer/Documents/morelab/vendor/codeigniter4/framework/system/Common.php(1089): CodeIgniter\View\View->render('components/head...', Array, true)
#6 /Library/WebServer/Documents/morelab/app/Controllers/Home.php(35): view('components/head...', Array)
#7 /Library/WebServer/Documents/morelab/vendor/codeigniter4/framework/system/CodeIgniter.php(825): App\Controllers\Home->index()
#8 /Library/WebServer/Documents/morelab/vendor/codeigniter4/framework/system/CodeIgniter.php(412): CodeIgniter\CodeIgniter->runController(Object(App\Controllers\Home))
#9 /Library/WebServer/Documents/morelab/vendor/codeigniter4/framework/system/CodeIgniter.php(320): CodeIgniter\CodeIgniter->handleRequest(NULL, Object(Config\Cache), false)
#10 /Library/WebServer/Documents/morelab/public/index.php(38): CodeIgniter\CodeIgniter->run()
#11 {main}
CRITICAL - 2025-04-23 14:12:16 --> Invalid file: plugins/font_awesome.php
#0 /Library/WebServer/Documents/morelab/vendor/codeigniter4/framework/system/View/View.php(198): CodeIgniter\Exceptions\FrameworkException::forInvalidFile('plugins/font_aw...')
#1 /Library/WebServer/Documents/morelab/vendor/codeigniter4/framework/system/Common.php(1089): CodeIgniter\View\View->render('plugins/font_aw...', Array, true)
#2 /Library/WebServer/Documents/morelab/app/Views/components/header.php(68): view('plugins/font_aw...')
#3 /Library/WebServer/Documents/morelab/vendor/codeigniter4/framework/system/View/View.php(210): include('/Library/WebSer...')
#4 /Library/WebServer/Documents/morelab/vendor/codeigniter4/framework/system/View/View.php(213): CodeIgniter\View\View->CodeIgniter\View\{closure}()
#5 /Library/WebServer/Documents/morelab/vendor/codeigniter4/framework/system/Common.php(1089): CodeIgniter\View\View->render('components/head...', Array, true)
#6 /Library/WebServer/Documents/morelab/app/Controllers/Home.php(35): view('components/head...', Array)
#7 /Library/WebServer/Documents/morelab/vendor/codeigniter4/framework/system/CodeIgniter.php(825): App\Controllers\Home->index()
#8 /Library/WebServer/Documents/morelab/vendor/codeigniter4/framework/system/CodeIgniter.php(412): CodeIgniter\CodeIgniter->runController(Object(App\Controllers\Home))
#9 /Library/WebServer/Documents/morelab/vendor/codeigniter4/framework/system/CodeIgniter.php(320): CodeIgniter\CodeIgniter->handleRequest(NULL, Object(Config\Cache), false)
#10 /Library/WebServer/Documents/morelab/public/index.php(38): CodeIgniter\CodeIgniter->run()
#11 {main}
