CRITICAL - 2025-04-30 08:18:33 --> Invalid file: __compiled_assets__/css/pages/solutions-hcp.php
#0 /Library/WebServer/Documents/mims-corpsite/vendor/codeigniter4/framework/system/View/View.php(198): CodeIgniter\Exceptions\FrameworkException::forInvalidFile('__compiled_asse...')
#1 /Library/WebServer/Documents/mims-corpsite/vendor/codeigniter4/framework/system/Common.php(1089): CodeIgniter\View\View->render('__compiled_asse...', Array, true)
#2 /Library/WebServer/Documents/mims-corpsite/app/Views/components/header.php(71): view('__compiled_asse...')
#3 /Library/WebServer/Documents/mims-corpsite/vendor/codeigniter4/framework/system/View/View.php(210): include('/Library/WebSer...')
#4 /Library/WebServer/Documents/mims-corpsite/vendor/codeigniter4/framework/system/View/View.php(213): CodeIgniter\View\View->CodeIgniter\View\{closure}()
#5 /Library/WebServer/Documents/mims-corpsite/vendor/codeigniter4/framework/system/Common.php(1089): CodeIgniter\View\View->render('components/head...', Array, true)
#6 /Library/WebServer/Documents/mims-corpsite/app/Controllers/Solutions.php(83): view('components/head...', Array)
#7 /Library/WebServer/Documents/mims-corpsite/vendor/codeigniter4/framework/system/CodeIgniter.php(825): App\Controllers\Solutions->for_hcp()
#8 /Library/WebServer/Documents/mims-corpsite/vendor/codeigniter4/framework/system/CodeIgniter.php(412): CodeIgniter\CodeIgniter->runController(Object(App\Controllers\Solutions))
#9 /Library/WebServer/Documents/mims-corpsite/vendor/codeigniter4/framework/system/CodeIgniter.php(320): CodeIgniter\CodeIgniter->handleRequest(NULL, Object(Config\Cache), false)
#10 /Library/WebServer/Documents/mims-corpsite/public/index.php(38): CodeIgniter\CodeIgniter->run()
#11 {main}
CRITICAL - 2025-04-30 08:18:38 --> Invalid file: __compiled_assets__/css/pages/solutions-hcp.php
#0 /Library/WebServer/Documents/mims-corpsite/vendor/codeigniter4/framework/system/View/View.php(198): CodeIgniter\Exceptions\FrameworkException::forInvalidFile('__compiled_asse...')
#1 /Library/WebServer/Documents/mims-corpsite/vendor/codeigniter4/framework/system/Common.php(1089): CodeIgniter\View\View->render('__compiled_asse...', Array, true)
#2 /Library/WebServer/Documents/mims-corpsite/app/Views/components/header.php(71): view('__compiled_asse...')
#3 /Library/WebServer/Documents/mims-corpsite/vendor/codeigniter4/framework/system/View/View.php(210): include('/Library/WebSer...')
#4 /Library/WebServer/Documents/mims-corpsite/vendor/codeigniter4/framework/system/View/View.php(213): CodeIgniter\View\View->CodeIgniter\View\{closure}()
#5 /Library/WebServer/Documents/mims-corpsite/vendor/codeigniter4/framework/system/Common.php(1089): CodeIgniter\View\View->render('components/head...', Array, true)
#6 /Library/WebServer/Documents/mims-corpsite/app/Controllers/Solutions.php(83): view('components/head...', Array)
#7 /Library/WebServer/Documents/mims-corpsite/vendor/codeigniter4/framework/system/CodeIgniter.php(825): App\Controllers\Solutions->for_hcp()
#8 /Library/WebServer/Documents/mims-corpsite/vendor/codeigniter4/framework/system/CodeIgniter.php(412): CodeIgniter\CodeIgniter->runController(Object(App\Controllers\Solutions))
#9 /Library/WebServer/Documents/mims-corpsite/vendor/codeigniter4/framework/system/CodeIgniter.php(320): CodeIgniter\CodeIgniter->handleRequest(NULL, Object(Config\Cache), false)
#10 /Library/WebServer/Documents/mims-corpsite/public/index.php(38): CodeIgniter\CodeIgniter->run()
#11 {main}
